#
# There is insufficient memory for the Java Runtime Environment to continue.
# Native memory allocation (mmap) failed to map 266338304 bytes for G1 virtual space
# Possible reasons:
#   The system is out of physical RAM or swap space
#   The process is running with CompressedOops enabled, and the Java Heap may be blocking the growth of the native heap
# Possible solutions:
#   Reduce memory load on the system
#   Increase physical memory or swap space
#   Check if swap backing store is full
#   Decrease Java heap size (-Xmx/-Xms)
#   Decrease number of Java threads
#   Decrease Java thread stack sizes (-Xss)
#   Set larger code cache with -XX:ReservedCodeCacheSize=
#   JVM is running with Zero Based Compressed Oops mode in which the Java heap is
#     placed in the first 32GB address space. The Java Heap base address is the
#     maximum limit for the native heap growth. Please use -XX:HeapBaseMinAddress
#     to set the Java Heap base and to place the Java Heap above 32GB virtual address.
# This output file may be truncated or incomplete.
#
#  Out of Memory Error (os_windows.cpp:3527), pid=5400, tid=19480
#
# JRE version:  (19.0.1+10) (build )
# Java VM: Java HotSpot(TM) 64-Bit Server VM (19.0.1+10-21, mixed mode, sharing, tiered, compressed oops, compressed class ptrs, g1 gc, windows-amd64)
# No core dump will be written. Minidumps are not enabled by default on client versions of Windows
#

---------------  S U M M A R Y ------------

Command Line: -Dfile.encoding=UTF-8 --module-path=C:\Users\dejav\eclipse-workspace\BattleShips_OO\bin -XX:+ShowCodeDetailsInExceptionMessages -Djdk.module.main=BattleShips_OO BattleShips_OO/battleships.Main

Host: Intel(R) Core(TM) i7-6500U CPU @ 2.50GHz, 4 cores, 15G,  Windows 11 , 64 bit Build 22000 (10.0.22000.1219)
Time: Sun Dec  4 23:00:36 2022 Romance (standaardtijd) elapsed time: 0.015489 seconds (0d 0h 0m 0s)

---------------  T H R E A D  ---------------

Current thread (0x0000027a188843f0):  JavaThread "Unknown thread" [_thread_in_vm, id=19480, stack(0x000000b0ed200000,0x000000b0ed300000)]

Stack: [0x000000b0ed200000,0x000000b0ed300000]
Native frames: (J=compiled Java code, j=interpreted, Vv=VM code, C=native code)
V  [jvm.dll+0x6ee8fa]
V  [jvm.dll+0x857a1e]
V  [jvm.dll+0x85940e]
V  [jvm.dll+0x859ac3]
V  [jvm.dll+0x28291f]
V  [jvm.dll+0x6eb6e9]
V  [jvm.dll+0x6e028a]
V  [jvm.dll+0x357136]
V  [jvm.dll+0x35eb96]
V  [jvm.dll+0x3b555e]
V  [jvm.dll+0x3b578f]
V  [jvm.dll+0x32c6ea]
V  [jvm.dll+0x32d59e]
V  [jvm.dll+0x821b20]
V  [jvm.dll+0x3c27c1]
V  [jvm.dll+0x8022f1]
V  [jvm.dll+0x44b30f]
V  [jvm.dll+0x44cc91]
C  [jli.dll+0x5287]
C  [ucrtbase.dll+0x26c0c]
C  [KERNEL32.DLL+0x15550]
C  [ntdll.dll+0x485b]


---------------  P R O C E S S  ---------------

Threads class SMR info:
_java_thread_list=0x00007fffd39bd048, length=0, elements={
}

Java Threads: ( => current thread )

Other Threads:
  0x0000027a188f4680 WorkerThread "GC Thread#0" [stack: 0x000000b0ed300000,0x000000b0ed400000] [id=18072]
  0x0000027a189065c0 ConcurrentGCThread "G1 Main Marker" [stack: 0x000000b0ed400000,0x000000b0ed500000] [id=16560]
  0x0000027a18908130 WorkerThread "G1 Conc#0" [stack: 0x000000b0ed500000,0x000000b0ed600000] [id=3120]

[error occurred during error reporting (printing all threads), id 0xc0000005, EXCEPTION_ACCESS_VIOLATION (0xc0000005) at pc=0x00007fffd317d127]

VM state: not at safepoint (not fully initialized)

VM Mutex/Monitor currently owned by a thread:  ([mutex/lock_event])
[0x0000027a188818f0] Heap_lock - owner thread: 0x0000027a188843f0

Heap address: 0x0000000702200000, size: 4062 MB, Compressed Oops mode: Zero based, Oop shift amount: 3

CDS archive(s) mapped at: [0x0000000000000000-0x0000000000000000-0x0000000000000000), size 0, SharedBaseAddress: 0x0000000800000000, ArchiveRelocationMode: 0.
Narrow klass base: 0x0000000000000000, Narrow klass shift: 0, Narrow klass range: 0x0

GC Precious Log:
 CardTable entry size: 512
 Card Set container configuration: InlinePtr #cards 4 size 8 Array Of Cards #cards 16 size 48 Howl #buckets 8 coarsen threshold 3686 Howl Bitmap #cards 512 size 80 coarsen threshold 460 Card regions per heap region 1 cards per card region 4096

Heap:
 garbage-first heap   total 0K, used 0K [0x0000000702200000, 0x0000000800000000)
  region size 2048K, 0 young (0K), 0 survivors (0K)

[error occurred during error reporting (printing heap information), id 0xc0000005, EXCEPTION_ACCESS_VIOLATION (0xc0000005) at pc=0x00007fffd3586959]

GC Heap History (0 events):
No events

Dll operation events (1 events):
Event: 0.009 Loaded shared library C:\Program Files\Java\jdk-19\bin\java.dll

Deoptimization events (0 events):
No events

Classes loaded (0 events):
No events

Classes unloaded (0 events):
No events

Classes redefined (0 events):
No events

Internal exceptions (0 events):
No events

VM Operations (0 events):
No events

Events (0 events):
No events


Dynamic libraries:
0x00007ff79dbf0000 - 0x00007ff79dc00000 	C:\Program Files\Java\jdk-19\bin\javaw.exe
0x00007ff82eae0000 - 0x00007ff82ece9000 	C:\Windows\SYSTEM32\ntdll.dll
0x00007ff812730000 - 0x00007ff812747000 	C:\Program Files\AVG\Antivirus\aswhook.dll
0x00007ff82df20000 - 0x00007ff82dfde000 	C:\Windows\System32\KERNEL32.DLL
0x00007ff82c4c0000 - 0x00007ff82c83b000 	C:\Windows\System32\KERNELBASE.dll
0x00007ff82c840000 - 0x00007ff82c951000 	C:\Windows\System32\ucrtbase.dll
0x00007ff8279e0000 - 0x00007ff8279fb000 	C:\Program Files\Java\jdk-19\bin\VCRUNTIME140.dll
0x00007ff827a00000 - 0x00007ff827a18000 	C:\Program Files\Java\jdk-19\bin\jli.dll
0x00007ff82de70000 - 0x00007ff82df1e000 	C:\Windows\System32\ADVAPI32.dll
0x00007ff82e000000 - 0x00007ff82e0a3000 	C:\Windows\System32\msvcrt.dll
0x00007ff82e1e0000 - 0x00007ff82e27e000 	C:\Windows\System32\sechost.dll
0x00007ff82cfe0000 - 0x00007ff82d100000 	C:\Windows\System32\RPCRT4.dll
0x00007ff82e6c0000 - 0x00007ff82e86d000 	C:\Windows\System32\USER32.dll
0x00007ff81a720000 - 0x00007ff81a9c5000 	C:\Windows\WinSxS\amd64_microsoft.windows.common-controls_6595b64144ccf1df_6.0.22000.120_none_9d947278b86cc467\COMCTL32.dll
0x00007ff82c0f0000 - 0x00007ff82c116000 	C:\Windows\System32\win32u.dll
0x00007ff82e630000 - 0x00007ff82e659000 	C:\Windows\System32\GDI32.dll
0x00007ff82c330000 - 0x00007ff82c448000 	C:\Windows\System32\gdi32full.dll
0x00007ff82c120000 - 0x00007ff82c1bd000 	C:\Windows\System32\msvcp_win.dll
0x00007ff827c20000 - 0x00007ff827c2a000 	C:\Windows\SYSTEM32\VERSION.dll
0x00007ff82e0c0000 - 0x00007ff82e0f2000 	C:\Windows\System32\IMM32.DLL
0x00007ff828290000 - 0x00007ff82829c000 	C:\Program Files\Java\jdk-19\bin\vcruntime140_1.dll
0x00007ff827950000 - 0x00007ff8279de000 	C:\Program Files\Java\jdk-19\bin\msvcp140.dll
0x00007fffd2e40000 - 0x00007fffd3b00000 	C:\Program Files\Java\jdk-19\bin\server\jvm.dll
0x00007ff825af0000 - 0x00007ff825af9000 	C:\Windows\SYSTEM32\WSOCK32.dll
0x00007ff826940000 - 0x00007ff826973000 	C:\Windows\SYSTEM32\WINMM.dll
0x00007ff82cf60000 - 0x00007ff82cfcf000 	C:\Windows\System32\WS2_32.dll
0x00007ff82b120000 - 0x00007ff82b138000 	C:\Windows\SYSTEM32\kernel.appcore.dll
0x00007ff8278c0000 - 0x00007ff8278ca000 	C:\Program Files\Java\jdk-19\bin\jimage.dll
0x00007ff824270000 - 0x00007ff824491000 	C:\Windows\SYSTEM32\DBGHELP.DLL
0x00007ff824000000 - 0x00007ff824031000 	C:\Windows\SYSTEM32\dbgcore.DLL
0x00007ff82bfb0000 - 0x00007ff82c02f000 	C:\Windows\System32\bcryptPrimitives.dll
0x00007fffe3330000 - 0x00007fffe3356000 	C:\Program Files\Java\jdk-19\bin\java.dll

dbghelp: loaded successfully - version: 4.0.5 - missing functions: none
symbol engine: initialized successfully - sym options: 0x614 - pdb path: .;C:\Program Files\Java\jdk-19\bin;C:\Windows\SYSTEM32;C:\Program Files\AVG\Antivirus;C:\Windows\WinSxS\amd64_microsoft.windows.common-controls_6595b64144ccf1df_6.0.22000.120_none_9d947278b86cc467;C:\Program Files\Java\jdk-19\bin\server

VM Arguments:
jvm_args: -Dfile.encoding=UTF-8 --module-path=C:\Users\dejav\eclipse-workspace\BattleShips_OO\bin -XX:+ShowCodeDetailsInExceptionMessages -Djdk.module.main=BattleShips_OO 
java_command: BattleShips_OO/battleships.Main
java_class_path (initial): <not set>
Launcher Type: SUN_STANDARD

[Global flags]
     intx CICompilerCount                          = 3                                         {product} {ergonomic}
     uint ConcGCThreads                            = 1                                         {product} {ergonomic}
     uint G1ConcRefinementThreads                  = 4                                         {product} {ergonomic}
   size_t G1HeapRegionSize                         = 2097152                                   {product} {ergonomic}
    uintx GCDrainStackTargetSize                   = 64                                        {product} {ergonomic}
   size_t InitialHeapSize                          = 266338304                                 {product} {ergonomic}
   size_t MarkStackSize                            = 4194304                                   {product} {ergonomic}
   size_t MaxHeapSize                              = 4259315712                                {product} {ergonomic}
   size_t MinHeapDeltaBytes                        = 2097152                                   {product} {ergonomic}
   size_t MinHeapSize                              = 8388608                                   {product} {ergonomic}
    uintx NonNMethodCodeHeapSize                   = 5832780                                {pd product} {ergonomic}
    uintx NonProfiledCodeHeapSize                  = 122912730                              {pd product} {ergonomic}
    uintx ProfiledCodeHeapSize                     = 122912730                              {pd product} {ergonomic}
    uintx ReservedCodeCacheSize                    = 251658240                              {pd product} {ergonomic}
     bool SegmentedCodeCache                       = true                                      {product} {ergonomic}
     bool ShowCodeDetailsInExceptionMessages       = true                                   {manageable} {command line}
   size_t SoftMaxHeapSize                          = 4259315712                             {manageable} {ergonomic}
     bool UseCompressedClassPointers               = true                           {product lp64_product} {ergonomic}
     bool UseCompressedOops                        = true                           {product lp64_product} {ergonomic}
     bool UseG1GC                                  = true                                      {product} {ergonomic}
     bool UseLargePagesIndividualAllocation        = false                                  {pd product} {ergonomic}

Logging:
Log output configuration:
 #0: stdout all=warning uptime,level,tags foldmultilines=false
 #1: stderr all=off uptime,level,tags foldmultilines=false

Environment Variables:
JAVA_HOME=C:\Program Files\Eclipse Adoptium\jre-8.0.322.6-hotspot\
PATH=C:/Program Files/Java/jdk-19/bin/server;C:/Program Files/Java/jdk-19/bin;C:\Program Files\Common Files\Oracle\Java\javapath;C:\Program Files\Eclipse Adoptium\jre-8.0.322.6-hotspot\bin;C:\Windows\system32;C:\Windows;C:\Windows\System32\Wbem;C:\Windows\System32\WindowsPowerShell\v1.0\;C:\Windows\System32\OpenSSH\;C:\Program Files\dotnet\;C:\sqlite;;C:\Program Files\Microsoft VS Code\bin;C:\Program Files (x86)\AOMEI\AOMEI Backupper\7.1.0;C:\Users\dejav\AppData\Local\Microsoft\WindowsApps;C:\Users\dejav\AppData\Local\Programs\Git\cmd;C:\Users\dejav\AppData\Local\GitHubDesktop\bin;C:\Windows\System32;
USERNAME=dejav
OS=Windows_NT
PROCESSOR_IDENTIFIER=Intel64 Family 6 Model 78 Stepping 3, GenuineIntel
TMP=C:\Users\dejav\AppData\Local\Temp
TEMP=C:\Users\dejav\AppData\Local\Temp



---------------  S Y S T E M  ---------------

OS:
 Windows 11 , 64 bit Build 22000 (10.0.22000.1219)
OS uptime: 15 days 5:18 hours

CPU: total 4 (initial active 4) (2 cores per cpu, 2 threads per core) family 6 model 78 stepping 3 microcode 0xd6, cx8, cmov, fxsr, ht, mmx, 3dnowpref, sse, sse2, sse3, ssse3, sse4.1, sse4.2, popcnt, lzcnt, tsc, tscinvbit, avx, avx2, aes, erms, clmul, bmi1, bmi2, adx, fma, vzeroupper, clflush, clflushopt, rdtscp

Memory: 4k page, system-wide physical 16243M (8493M free)
TotalPageFile size 31493M (AvailPageFile size 93M)
current process WorkingSet (physical memory assigned to process): 11M, peak: 11M
current process commit charge ("private bytes"): 52M, peak: 306M

vm_info: Java HotSpot(TM) 64-Bit Server VM (19.0.1+10-21) for windows-amd64 JRE (19.0.1+10-21), built on 2022-09-14T12:45:06Z by "mach5one" with MS VC++ 17.1 (VS2022)

END.
